2026-05-17 13:05:09,399 ERROR: Exception on /auth/register [POST] [in /Users/sadulloevaruhshonaicloud.com/Desktop/microblog/.venv/lib/python3.12/site-packages/flask/app.py:875]
Traceback (most recent call last):
  File "/Users/sadulloevaruhshonaicloud.com/Desktop/microblog/.venv/lib/python3.12/site-packages/sqlalchemy/engine/base.py", line 1967, in _exec_single_context
    self.dialect.do_execute(
  File "/Users/sadulloevaruhshonaicloud.com/Desktop/microblog/.venv/lib/python3.12/site-packages/sqlalchemy/engine/default.py", line 952, in do_execute
    cursor.execute(statement, parameters)
sqlite3.OperationalError: no such table: user

The above exception was the direct cause of the following exception:

Traceback (most recent call last):
  File "/Users/sadulloevaruhshonaicloud.com/Desktop/microblog/.venv/lib/python3.12/site-packages/flask/app.py", line 1511, in wsgi_app
    response = self.full_dispatch_request()
               ^^^^^^^^^^^^^^^^^^^^^^^^^^^^
  File "/Users/sadulloevaruhshonaicloud.com/Desktop/microblog/.venv/lib/python3.12/site-packages/flask/app.py", line 919, in full_dispatch_request
    rv = self.handle_user_exception(e)
         ^^^^^^^^^^^^^^^^^^^^^^^^^^^^^
  File "/Users/sadulloevaruhshonaicloud.com/Desktop/microblog/.venv/lib/python3.12/site-packages/flask/app.py", line 917, in full_dispatch_request
    rv = self.dispatch_request()
         ^^^^^^^^^^^^^^^^^^^^^^^
  File "/Users/sadulloevaruhshonaicloud.com/Desktop/microblog/.venv/lib/python3.12/site-packages/flask/app.py", line 902, in dispatch_request
    return self.ensure_sync(self.view_functions[rule.endpoint])(**view_args)  # type: ignore[no-any-return]
           ^^^^^^^^^^^^^^^^^^^^^^^^^^^^^^^^^^^^^^^^^^^^^^^^^^^^^^^^^^^^^^^^^
  File "/Users/sadulloevaruhshonaicloud.com/Desktop/microblog/app/auth/routes.py", line 44, in register
    if form.validate_on_submit():
       ^^^^^^^^^^^^^^^^^^^^^^^^^
  File "/Users/sadulloevaruhshonaicloud.com/Desktop/microblog/.venv/lib/python3.12/site-packages/flask_wtf/form.py", line 86, in validate_on_submit
    return self.is_submitted() and self.validate(extra_validators=extra_validators)
                                   ^^^^^^^^^^^^^^^^^^^^^^^^^^^^^^^^^^^^^^^^^^^^^^^^
  File "/Users/sadulloevaruhshonaicloud.com/Desktop/microblog/.venv/lib/python3.12/site-packages/wtforms/form.py", line 330, in validate
    return super().validate(extra)
           ^^^^^^^^^^^^^^^^^^^^^^^
  File "/Users/sadulloevaruhshonaicloud.com/Desktop/microblog/.venv/lib/python3.12/site-packages/wtforms/form.py", line 147, in validate
    if not field.validate(self, extra):
           ^^^^^^^^^^^^^^^^^^^^^^^^^^^
  File "/Users/sadulloevaruhshonaicloud.com/Desktop/microblog/.venv/lib/python3.12/site-packages/wtforms/fields/core.py", line 234, in validate
    stop_validation = self._run_validation_chain(form, chain)
                      ^^^^^^^^^^^^^^^^^^^^^^^^^^^^^^^^^^^^^^^
  File "/Users/sadulloevaruhshonaicloud.com/Desktop/microblog/.venv/lib/python3.12/site-packages/wtforms/fields/core.py", line 254, in _run_validation_chain
    validator(form, self)
  File "/Users/sadulloevaruhshonaicloud.com/Desktop/microblog/app/auth/forms.py", line 26, in validate_username
    user = db.session.scalar(sa.select(User).where(
           ^^^^^^^^^^^^^^^^^^^^^^^^^^^^^^^^^^^^^^^^
  File "/Users/sadulloevaruhshonaicloud.com/Desktop/microblog/.venv/lib/python3.12/site-packages/sqlalchemy/orm/scoping.py", line 1826, in scalar
    return self._proxied.scalar(
           ^^^^^^^^^^^^^^^^^^^^^
  File "/Users/sadulloevaruhshonaicloud.com/Desktop/microblog/.venv/lib/python3.12/site-packages/sqlalchemy/orm/session.py", line 2399, in scalar
    return self._execute_internal(
           ^^^^^^^^^^^^^^^^^^^^^^^
  File "/Users/sadulloevaruhshonaicloud.com/Desktop/microblog/.venv/lib/python3.12/site-packages/sqlalchemy/orm/session.py", line 2249, in _execute_internal
    result: Result[Any] = compile_state_cls.orm_execute_statement(
                          ^^^^^^^^^^^^^^^^^^^^^^^^^^^^^^^^^^^^^^^^
  File "/Users/sadulloevaruhshonaicloud.com/Desktop/microblog/.venv/lib/python3.12/site-packages/sqlalchemy/orm/context.py", line 306, in orm_execute_statement
    result = conn.execute(
             ^^^^^^^^^^^^^
  File "/Users/sadulloevaruhshonaicloud.com/Desktop/microblog/.venv/lib/python3.12/site-packages/sqlalchemy/engine/base.py", line 1419, in execute
    return meth(
           ^^^^^
  File "/Users/sadulloevaruhshonaicloud.com/Desktop/microblog/.venv/lib/python3.12/site-packages/sqlalchemy/sql/elements.py", line 527, in _execute_on_connection
    return connection._execute_clauseelement(
           ^^^^^^^^^^^^^^^^^^^^^^^^^^^^^^^^^^
  File "/Users/sadulloevaruhshonaicloud.com/Desktop/microblog/.venv/lib/python3.12/site-packages/sqlalchemy/engine/base.py", line 1641, in _execute_clauseelement
    ret = self._execute_context(
          ^^^^^^^^^^^^^^^^^^^^^^
  File "/Users/sadulloevaruhshonaicloud.com/Desktop/microblog/.venv/lib/python3.12/site-packages/sqlalchemy/engine/base.py", line 1846, in _execute_context
    return self._exec_single_context(
           ^^^^^^^^^^^^^^^^^^^^^^^^^^
  File "/Users/sadulloevaruhshonaicloud.com/Desktop/microblog/.venv/lib/python3.12/site-packages/sqlalchemy/engine/base.py", line 1986, in _exec_single_context
    self._handle_dbapi_exception(
  File "/Users/sadulloevaruhshonaicloud.com/Desktop/microblog/.venv/lib/python3.12/site-packages/sqlalchemy/engine/base.py", line 2363, in _handle_dbapi_exception
    raise sqlalchemy_exception.with_traceback(exc_info[2]) from e
  File "/Users/sadulloevaruhshonaicloud.com/Desktop/microblog/.venv/lib/python3.12/site-packages/sqlalchemy/engine/base.py", line 1967, in _exec_single_context
    self.dialect.do_execute(
  File "/Users/sadulloevaruhshonaicloud.com/Desktop/microblog/.venv/lib/python3.12/site-packages/sqlalchemy/engine/default.py", line 952, in do_execute
    cursor.execute(statement, parameters)
sqlalchemy.exc.OperationalError: (sqlite3.OperationalError) no such table: user
[SQL: SELECT user.id, user.username, user.email, user.password_hash, user.about_me, user.last_seen 
FROM user 
WHERE user.username = ?]
[parameters: ('RukhRukh',)]
(Background on this error at: https://sqlalche.me/e/20/e3q8)
2026-05-17 13:11:20,314 INFO: Microblog startup [in /Users/sadulloevaruhshonaicloud.com/Desktop/microblog/app/__init__.py:63]
2026-05-17 13:11:35,765 INFO: Microblog startup [in /Users/sadulloevaruhshonaicloud.com/Desktop/microblog/app/__init__.py:63]
2026-05-17 13:14:52,059 INFO: Microblog startup [in /Users/sadulloevaruhshonaicloud.com/Desktop/microblog/app/__init__.py:63]
2026-05-17 13:15:04,772 INFO: Microblog startup [in /Users/sadulloevaruhshonaicloud.com/Desktop/microblog/app/__init__.py:63]
2026-05-17 13:19:18,715 INFO: Microblog startup [in /Users/sadulloevaruhshonaicloud.com/Desktop/microblog/app/__init__.py:63]
2026-05-17 13:27:47,970 INFO: Microblog startup [in /Users/sadulloevaruhshonaicloud.com/Desktop/microblog/app/__init__.py:63]
2026-05-17 13:33:39,525 INFO: Microblog startup [in /Users/sadulloevaruhshonaicloud.com/Desktop/microblog/app/__init__.py:63]
2026-05-17 13:43:03,493 INFO: Microblog startup [in /Users/sadulloevaruhshonaicloud.com/Desktop/microblog/app/__init__.py:63]
2026-05-17 13:43:12,281 INFO: Microblog startup [in /Users/sadulloevaruhshonaicloud.com/Desktop/microblog/app/__init__.py:63]
2026-05-17 13:43:46,493 INFO: Microblog startup [in /Users/sadulloevaruhshonaicloud.com/Desktop/microblog/app/__init__.py:63]
2026-05-17 13:46:41,037 INFO: Microblog startup [in /Users/sadulloevaruhshonaicloud.com/Desktop/microblog/app/__init__.py:63]
2026-05-17 13:52:33,296 INFO: Microblog startup [in /Users/sadulloevaruhshonaicloud.com/Desktop/microblog/app/__init__.py:63]
2026-05-17 13:59:03,915 INFO: Microblog startup [in /Users/sadulloevaruhshonaicloud.com/Desktop/microblog/app/__init__.py:64]
